0 info it worked if it ends with ok
1 verbose cli [ '/usr/local/Cellar/node/7.1.0/bin/node',
1 verbose cli   '/usr/local/bin/npm',
1 verbose cli   'run',
1 verbose cli   'build' ]
2 info using npm@3.10.9
3 info using node@v7.1.0
4 verbose run-script [ 'prebuild', 'build', 'postbuild' ]
5 info lifecycle kono@0.1.0~prebuild: kono@0.1.0
6 silly lifecycle kono@0.1.0~prebuild: no script for prebuild, continuing
7 info lifecycle kono@0.1.0~build: kono@0.1.0
8 verbose lifecycle kono@0.1.0~build: unsafe-perm in lifecycle true
9 verbose lifecycle kono@0.1.0~build: PATH: /usr/local/lib/node_modules/npm/bin/node-gyp-bin:/Users/xtpor97/dev/cordova/kono/node_modules/.bin:/usr/local/Cellar/node/7.1.0/bin:/usr/local/Cellar/ruby/2.3.3/bin:~/.local/bin:/Library/Frameworks/Python.framework/Versions/3.5/bin:/usr/local/Cellar/ant/1.9.6/bin:/usr/local/Cellar/android-sdk/24.4.1_1/tools:/usr/local/Cellar/android-sdk/24.4.1_1/platform-tools:/usr/local/Cellar/android-sdk/24.4.1_1:/Users/xtpor97/appdev/android-ndk-r10e:/Users/xtpor97/appdev/cocos2d-x-3.9/templates:/Users/xtpor97/appdev/cocos2d-x-3.9/tools/cocos2d-console/bin:/Users/xtpor97/appdev/android-ndk-r10e:/usr/local/bin:/Library/Frameworks/Python.framework/Versions/2.7/bin:/usr/local/bin:/usr/bin:/bin:/usr/sbin:/sbin:/opt/X11/bin:/usr/local/Cellar/ruby/2.3.3/bin:~/.local/bin:/Library/Frameworks/Python.framework/Versions/3.5/bin:/usr/local/Cellar/ant/1.9.6/bin:/usr/local/Cellar/android-sdk/24.4.1_1/tools:/usr/local/Cellar/android-sdk/24.4.1_1/platform-tools:/usr/local/Cellar/android-sdk/24.4.1_1:/Users/xtpor97/appdev/android-ndk-r10e:/Users/xtpor97/appdev/cocos2d-x-3.9/templates:/Users/xtpor97/appdev/cocos2d-x-3.9/tools/cocos2d-console/bin:/Library/Frameworks/Python.framework/Versions/2.7/bin
10 verbose lifecycle kono@0.1.0~build: CWD: /Users/xtpor97/dev/cordova/kono
11 silly lifecycle kono@0.1.0~build: Args: [ '-c',
11 silly lifecycle   'npm test && browserify index.js --debug -t babelify --outfile www/bundle.js' ]
12 silly lifecycle kono@0.1.0~build: Returned: code: 1  signal: null
13 info lifecycle kono@0.1.0~build: Failed to exec build script
14 verbose stack Error: kono@0.1.0 build: `npm test && browserify index.js --debug -t babelify --outfile www/bundle.js`
14 verbose stack Exit status 1
14 verbose stack     at EventEmitter.<anonymous> (/usr/local/lib/node_modules/npm/lib/utils/lifecycle.js:255:16)
14 verbose stack     at emitTwo (events.js:106:13)
14 verbose stack     at EventEmitter.emit (events.js:191:7)
14 verbose stack     at ChildProcess.<anonymous> (/usr/local/lib/node_modules/npm/lib/utils/spawn.js:40:14)
14 verbose stack     at emitTwo (events.js:106:13)
14 verbose stack     at ChildProcess.emit (events.js:191:7)
14 verbose stack     at maybeClose (internal/child_process.js:885:16)
14 verbose stack     at Process.ChildProcess._handle.onexit (internal/child_process.js:226:5)
15 verbose pkgid kono@0.1.0
16 verbose cwd /Users/xtpor97/dev/cordova/kono
17 error Darwin 15.0.0
18 error argv "/usr/local/Cellar/node/7.1.0/bin/node" "/usr/local/bin/npm" "run" "build"
19 error node v7.1.0
20 error npm  v3.10.9
21 error code ELIFECYCLE
22 error kono@0.1.0 build: `npm test && browserify index.js --debug -t babelify --outfile www/bundle.js`
22 error Exit status 1
23 error Failed at the kono@0.1.0 build script 'npm test && browserify index.js --debug -t babelify --outfile www/bundle.js'.
23 error Make sure you have the latest version of node.js and npm installed.
23 error If you do, this is most likely a problem with the kono package,
23 error not with npm itself.
23 error Tell the author that this fails on your system:
23 error     npm test && browserify index.js --debug -t babelify --outfile www/bundle.js
23 error You can get information on how to open an issue for this project with:
23 error     npm bugs kono
23 error Or if that isn't available, you can get their info via:
23 error     npm owner ls kono
23 error There is likely additional logging output above.
24 verbose exit [ 1, true ]
